<?xml version="1.0" encoding="UTF-8"?>
<coverage generated="1669915442989" clover="3.2.0">
  <project timestamp="1669915442989" name="All files">
    <metrics statements="26" coveredstatements="26" conditionals="12" coveredconditionals="12" methods="12" coveredmethods="12" elements="50" coveredelements="50" complexity="0" loc="26" ncloc="26" packages="1" files="2" classes="2"/>
    <file name="for_testing.js" path="C:\dev\bloglist\bloglist-api\utils\for_testing.js">
      <metrics statements="7" coveredstatements="7" conditionals="2" coveredconditionals="2" methods="3" coveredmethods="3"/>
      <line num="1" count="2" type="stmt"/>
      <line num="2" count="3" type="stmt"/>
      <line num="8" count="2" type="stmt"/>
      <line num="9" count="3" type="stmt"/>
      <line num="10" count="7" type="stmt"/>
      <line num="13" count="3" type="cond" truecount="2" falsecount="0"/>
      <line num="16" count="2" type="stmt"/>
    </file>
    <file name="list_helper.js" path="C:\dev\bloglist\bloglist-api\utils\list_helper.js">
      <metrics statements="19" coveredstatements="19" conditionals="10" coveredconditionals="10" methods="9" coveredmethods="9"/>
      <line num="1" count="5" type="stmt"/>
      <line num="2" count="1" type="stmt"/>
      <line num="5" count="5" type="stmt"/>
      <line num="6" count="3" type="stmt"/>
      <line num="7" count="7" type="stmt"/>
      <line num="10" count="3" type="cond" truecount="2" falsecount="0"/>
      <line num="13" count="5" type="stmt"/>
      <line num="14" count="3" type="stmt"/>
      <line num="15" count="7" type="cond" truecount="2" falsecount="0"/>
      <line num="18" count="3" type="cond" truecount="2" falsecount="0"/>
      <line num="21" count="5" type="stmt"/>
      <line num="22" count="3" type="stmt"/>
      <line num="23" count="4" type="cond" truecount="2" falsecount="0"/>
      <line num="26" count="3" type="stmt"/>
      <line num="29" count="5" type="stmt"/>
      <line num="30" count="3" type="stmt"/>
      <line num="31" count="4" type="cond" truecount="2" falsecount="0"/>
      <line num="34" count="3" type="stmt"/>
      <line num="37" count="5" type="stmt"/>
    </file>
  </project>
</coverage>
