{"C:\\dev\\bloglist\\bloglist-api\\utils\\for_testing.js": {"path":"C:\\dev\\bloglist\\bloglist-api\\utils\\for_testing.js","statementMap":{"0":{"start":{"line":1,"column":19},"end":{"line":6,"column":1}},"1":{"start":{"line":2,"column":2},"end":{"line":5,"column":13}},"2":{"start":{"line":8,"column":16},"end":{"line":14,"column":1}},"3":{"start":{"line":9,"column":18},"end":{"line":11,"column":3}},"4":{"start":{"line":10,"column":4},"end":{"line":10,"column":21}},"5":{"start":{"line":13,"column":2},"end":{"line":13,"column":53}},"6":{"start":{"line":16,"column":0},"end":{"line":19,"column":1}}},"fnMap":{"0":{"name":"(anonymous_0)","decl":{"start":{"line":1,"column":19},"end":{"line":1,"column":20}},"loc":{"start":{"line":1,"column":31},"end":{"line":6,"column":1}},"line":1},"1":{"name":"(anonymous_1)","decl":{"start":{"line":8,"column":16},"end":{"line":8,"column":17}},"loc":{"start":{"line":8,"column":27},"end":{"line":14,"column":1}},"line":8},"2":{"name":"(anonymous_2)","decl":{"start":{"line":9,"column":18},"end":{"line":9,"column":19}},"loc":{"start":{"line":9,"column":33},"end":{"line":11,"column":3}},"line":9}},"branchMap":{"0":{"loc":{"start":{"line":13,"column":9},"end":{"line":13,"column":53}},"type":"binary-expr","locations":[{"start":{"line":13,"column":9},"end":{"line":13,"column":48}},{"start":{"line":13,"column":52},"end":{"line":13,"column":53}}],"line":13}},"s":{"0":2,"1":3,"2":2,"3":3,"4":7,"5":3,"6":2},"f":{"0":3,"1":3,"2":7},"b":{"0":[3,1]},"_coverageSchema":"1a1c01bbd47fc00a2c39e90264f33305004495a9","hash":"bdfe29f34412213c3b48f27bfcb4797069747e99"}
,"C:\\dev\\bloglist\\bloglist-api\\utils\\list_helper.js": {"path":"C:\\dev\\bloglist\\bloglist-api\\utils\\list_helper.js","statementMap":{"0":{"start":{"line":1,"column":14},"end":{"line":3,"column":1}},"1":{"start":{"line":2,"column":2},"end":{"line":2,"column":10}},"2":{"start":{"line":5,"column":19},"end":{"line":11,"column":1}},"3":{"start":{"line":6,"column":18},"end":{"line":8,"column":3}},"4":{"start":{"line":7,"column":4},"end":{"line":7,"column":27}},"5":{"start":{"line":10,"column":2},"end":{"line":10,"column":38}},"6":{"start":{"line":13,"column":21},"end":{"line":19,"column":1}},"7":{"start":{"line":14,"column":18},"end":{"line":16,"column":3}},"8":{"start":{"line":15,"column":4},"end":{"line":15,"column":46}},"9":{"start":{"line":18,"column":2},"end":{"line":18,"column":38}},"10":{"start":{"line":21,"column":18},"end":{"line":27,"column":1}},"11":{"start":{"line":22,"column":18},"end":{"line":24,"column":3}},"12":{"start":{"line":23,"column":4},"end":{"line":23,"column":46}},"13":{"start":{"line":26,"column":2},"end":{"line":26,"column":33}},"14":{"start":{"line":29,"column":18},"end":{"line":35,"column":1}},"15":{"start":{"line":30,"column":18},"end":{"line":32,"column":3}},"16":{"start":{"line":31,"column":4},"end":{"line":31,"column":46}},"17":{"start":{"line":34,"column":2},"end":{"line":34,"column":33}},"18":{"start":{"line":37,"column":0},"end":{"line":43,"column":1}}},"fnMap":{"0":{"name":"(anonymous_0)","decl":{"start":{"line":1,"column":14},"end":{"line":1,"column":15}},"loc":{"start":{"line":1,"column":25},"end":{"line":3,"column":1}},"line":1},"1":{"name":"(anonymous_1)","decl":{"start":{"line":5,"column":19},"end":{"line":5,"column":20}},"loc":{"start":{"line":5,"column":30},"end":{"line":11,"column":1}},"line":5},"2":{"name":"(anonymous_2)","decl":{"start":{"line":6,"column":18},"end":{"line":6,"column":19}},"loc":{"start":{"line":6,"column":33},"end":{"line":8,"column":3}},"line":6},"3":{"name":"(anonymous_3)","decl":{"start":{"line":13,"column":21},"end":{"line":13,"column":22}},"loc":{"start":{"line":13,"column":32},"end":{"line":19,"column":1}},"line":13},"4":{"name":"(anonymous_4)","decl":{"start":{"line":14,"column":18},"end":{"line":14,"column":19}},"loc":{"start":{"line":14,"column":33},"end":{"line":16,"column":3}},"line":14},"5":{"name":"(anonymous_5)","decl":{"start":{"line":21,"column":18},"end":{"line":21,"column":19}},"loc":{"start":{"line":21,"column":29},"end":{"line":27,"column":1}},"line":21},"6":{"name":"(anonymous_6)","decl":{"start":{"line":22,"column":18},"end":{"line":22,"column":19}},"loc":{"start":{"line":22,"column":33},"end":{"line":24,"column":3}},"line":22},"7":{"name":"(anonymous_7)","decl":{"start":{"line":29,"column":18},"end":{"line":29,"column":19}},"loc":{"start":{"line":29,"column":29},"end":{"line":35,"column":1}},"line":29},"8":{"name":"(anonymous_8)","decl":{"start":{"line":30,"column":18},"end":{"line":30,"column":19}},"loc":{"start":{"line":30,"column":33},"end":{"line":32,"column":3}},"line":30}},"branchMap":{"0":{"loc":{"start":{"line":10,"column":9},"end":{"line":10,"column":38}},"type":"binary-expr","locations":[{"start":{"line":10,"column":9},"end":{"line":10,"column":33}},{"start":{"line":10,"column":37},"end":{"line":10,"column":38}}],"line":10},"1":{"loc":{"start":{"line":15,"column":11},"end":{"line":15,"column":46}},"type":"cond-expr","locations":[{"start":{"line":15,"column":36},"end":{"line":15,"column":39}},{"start":{"line":15,"column":42},"end":{"line":15,"column":46}}],"line":15},"2":{"loc":{"start":{"line":18,"column":9},"end":{"line":18,"column":38}},"type":"binary-expr","locations":[{"start":{"line":18,"column":9},"end":{"line":18,"column":33}},{"start":{"line":18,"column":37},"end":{"line":18,"column":38}}],"line":18},"3":{"loc":{"start":{"line":23,"column":11},"end":{"line":23,"column":46}},"type":"cond-expr","locations":[{"start":{"line":23,"column":36},"end":{"line":23,"column":39}},{"start":{"line":23,"column":42},"end":{"line":23,"column":46}}],"line":23},"4":{"loc":{"start":{"line":31,"column":11},"end":{"line":31,"column":46}},"type":"cond-expr","locations":[{"start":{"line":31,"column":36},"end":{"line":31,"column":39}},{"start":{"line":31,"column":42},"end":{"line":31,"column":46}}],"line":31}},"s":{"0":5,"1":1,"2":5,"3":3,"4":7,"5":3,"6":5,"7":3,"8":7,"9":3,"10":5,"11":3,"12":4,"13":3,"14":5,"15":3,"16":4,"17":3,"18":5},"f":{"0":1,"1":3,"2":7,"3":3,"4":7,"5":3,"6":4,"7":3,"8":4},"b":{"0":[3,1],"1":[4,3],"2":[3,1],"3":[1,3],"4":[1,3]},"_coverageSchema":"1a1c01bbd47fc00a2c39e90264f33305004495a9","hash":"3da6e5cb53e548677a1b600e12a1714cd3f5437a"}
}
