TN:
SF:utils\for_testing.js
FN:1,(anonymous_0)
FN:8,(anonymous_1)
FN:9,(anonymous_2)
FNF:3
FNH:3
FNDA:3,(anonymous_0)
FNDA:3,(anonymous_1)
FNDA:7,(anonymous_2)
DA:1,2
DA:2,3
DA:8,2
DA:9,3
DA:10,7
DA:13,3
DA:16,2
LF:7
LH:7
BRDA:13,0,0,3
BRDA:13,0,1,1
BRF:2
BRH:2
end_of_record
TN:
SF:utils\list_helper.js
FN:1,(anonymous_0)
FN:5,(anonymous_1)
FN:6,(anonymous_2)
FN:13,(anonymous_3)
FN:14,(anonymous_4)
FN:21,(anonymous_5)
FN:22,(anonymous_6)
FN:29,(anonymous_7)
FN:30,(anonymous_8)
FNF:9
FNH:9
FNDA:1,(anonymous_0)
FNDA:3,(anonymous_1)
FNDA:7,(anonymous_2)
FNDA:3,(anonymous_3)
FNDA:7,(anonymous_4)
FNDA:3,(anonymous_5)
FNDA:4,(anonymous_6)
FNDA:3,(anonymous_7)
FNDA:4,(anonymous_8)
DA:1,5
DA:2,1
DA:5,5
DA:6,3
DA:7,7
DA:10,3
DA:13,5
DA:14,3
DA:15,7
DA:18,3
DA:21,5
DA:22,3
DA:23,4
DA:26,3
DA:29,5
DA:30,3
DA:31,4
DA:34,3
DA:37,5
LF:19
LH:19
BRDA:10,0,0,3
BRDA:10,0,1,1
BRDA:15,1,0,4
BRDA:15,1,1,3
BRDA:18,2,0,3
BRDA:18,2,1,1
BRDA:23,3,0,1
BRDA:23,3,1,3
BRDA:31,4,0,1
BRDA:31,4,1,3
BRF:10
BRH:10
end_of_record
